<?xml version="1.0" encoding="UTF-8"?>
<testng-results ignored="0" total="2" passed="2" failed="0" skipped="0">
  <reporter-output>
  </reporter-output>
  <suite started-at="2023-11-20T00:52:16 IST" name="Surefire suite" finished-at="2023-11-20T00:52:24 IST" duration-ms="8035">
    <groups>
      <group name="cucumber">
        <method signature="AbstractTestNGCucumberTests.runScenario(io.cucumber.testng.PickleWrapper,io.cucumber.testng.FeatureWrapper)[pri:0, instance:CucumberOptions.TestRunner_TestNg@6107227e]" name="runScenario" class="io.cucumber.testng.AbstractTestNGCucumberTests"/>
      </group> <!-- cucumber -->
    </groups>
    <test started-at="2023-11-20T00:52:16 IST" name="Surefire test" finished-at="2023-11-20T00:52:24 IST" duration-ms="8035">
      <class name="CucumberOptions.TestRunner_TestNg">
        <test-method is-config="true" signature="setUpClass(org.testng.ITestContext)[pri:0, instance:CucumberOptions.TestRunner_TestNg@6107227e]" started-at="2023-11-20T00:52:16 IST" name="setUpClass" finished-at="2023-11-20T00:52:16 IST" duration-ms="284" status="PASS">
          <params>
            <param index="0">
              <value>
                <![CDATA[org.testng.TestRunner@44afefd5]]>
              </value>
            </param>
          </params>
          <reporter-output>
          </reporter-output>
        </test-method> <!-- setUpClass -->
        <test-method signature="runScenario(io.cucumber.testng.PickleWrapper,io.cucumber.testng.FeatureWrapper)[pri:0, instance:CucumberOptions.TestRunner_TestNg@6107227e]" started-at="2023-11-20T00:52:16 IST" name="runScenario" description="Runs Cucumber Scenarios" data-provider="scenarios" finished-at="2023-11-20T00:52:24 IST" duration-ms="7579" status="PASS">
          <params>
            <param index="0">
              <value>
                <![CDATA["Search Experience for product search in both Home and Offers Page"]]>
              </value>
            </param>
            <param index="1">
              <value>
                <![CDATA["Search and Place the order for Products"]]>
              </value>
            </param>
          </params>
          <reporter-output>
          </reporter-output>
        </test-method> <!-- runScenario -->
        <test-method signature="runScenario(io.cucumber.testng.PickleWrapper,io.cucumber.testng.FeatureWrapper)[pri:0, instance:CucumberOptions.TestRunner_TestNg@6107227e]" started-at="2023-11-20T00:52:16 IST" name="runScenario" description="Runs Cucumber Scenarios" data-provider="scenarios" finished-at="2023-11-20T00:52:23 IST" duration-ms="6918" status="PASS">
          <params>
            <param index="0">
              <value>
                <![CDATA["Search Experience for product search in both Home and Offers Page"]]>
              </value>
            </param>
            <param index="1">
              <value>
                <![CDATA["Search and Place the order for Products"]]>
              </value>
            </param>
          </params>
          <reporter-output>
          </reporter-output>
        </test-method> <!-- runScenario -->
        <test-method is-config="true" signature="tearDownClass()[pri:0, instance:CucumberOptions.TestRunner_TestNg@6107227e]" started-at="2023-11-20T00:52:24 IST" name="tearDownClass" finished-at="2023-11-20T00:52:24 IST" duration-ms="151" status="PASS">
          <reporter-output>
          </reporter-output>
        </test-method> <!-- tearDownClass -->
      </class> <!-- CucumberOptions.TestRunner_TestNg -->
    </test> <!-- Surefire test -->
  </suite> <!-- Surefire suite -->
</testng-results>
