<?xml version="1.0" encoding="UTF-8"?>
<testng-results ignored="0" total="3" passed="3" failed="0" skipped="0">
  <reporter-output>
  </reporter-output>
  <suite started-at="2023-11-18T23:55:00 IST" name="Default suite" finished-at="2023-11-18T23:55:13 IST" duration-ms="13320">
    <groups>
      <group name="cucumber">
        <method signature="AbstractTestNGCucumberTests.runScenario(io.cucumber.testng.PickleWrapper,io.cucumber.testng.FeatureWrapper)[pri:0, instance:CucumberOptions.TestRunner_TestNg@3427b02d]" name="runScenario" class="io.cucumber.testng.AbstractTestNGCucumberTests"/>
      </group> <!-- cucumber -->
    </groups>
    <test started-at="2023-11-18T23:55:00 IST" name="Default test" finished-at="2023-11-18T23:55:13 IST" duration-ms="13320">
      <class name="CucumberOptions.TestRunner_TestNg">
        <test-method is-config="true" signature="setUpClass(org.testng.ITestContext)[pri:0, instance:CucumberOptions.TestRunner_TestNg@3427b02d]" started-at="2023-11-18T23:55:00 IST" name="setUpClass" finished-at="2023-11-18T23:55:00 IST" duration-ms="88" status="PASS">
          <params>
            <param index="0">
              <value>
                <![CDATA[org.testng.TestRunner@5456afaa]]>
              </value>
            </param>
          </params>
          <reporter-output>
          </reporter-output>
        </test-method> <!-- setUpClass -->
        <test-method signature="runScenario(io.cucumber.testng.PickleWrapper,io.cucumber.testng.FeatureWrapper)[pri:0, instance:CucumberOptions.TestRunner_TestNg@3427b02d]" started-at="2023-11-18T23:55:00 IST" name="runScenario" description="Runs Cucumber Scenarios" data-provider="scenarios" finished-at="2023-11-18T23:55:06 IST" duration-ms="6160" status="PASS">
          <params>
            <param index="0">
              <value>
                <![CDATA["Search Experience for product search in both Home and Offers Page"]]>
              </value>
            </param>
            <param index="1">
              <value>
                <![CDATA["Search and Place the order for Products"]]>
              </value>
            </param>
          </params>
          <reporter-output>
          </reporter-output>
        </test-method> <!-- runScenario -->
        <test-method signature="runScenario(io.cucumber.testng.PickleWrapper,io.cucumber.testng.FeatureWrapper)[pri:0, instance:CucumberOptions.TestRunner_TestNg@3427b02d]" started-at="2023-11-18T23:55:00 IST" name="runScenario" description="Runs Cucumber Scenarios" data-provider="scenarios" finished-at="2023-11-18T23:55:06 IST" duration-ms="6235" status="PASS">
          <params>
            <param index="0">
              <value>
                <![CDATA["Search Experience for product search in both Home and Offers Page"]]>
              </value>
            </param>
            <param index="1">
              <value>
                <![CDATA["Search and Place the order for Products"]]>
              </value>
            </param>
          </params>
          <reporter-output>
          </reporter-output>
        </test-method> <!-- runScenario -->
        <test-method signature="runScenario(io.cucumber.testng.PickleWrapper,io.cucumber.testng.FeatureWrapper)[pri:0, instance:CucumberOptions.TestRunner_TestNg@3427b02d]" started-at="2023-11-18T23:55:00 IST" name="runScenario" description="Runs Cucumber Scenarios" data-provider="scenarios" finished-at="2023-11-18T23:55:13 IST" duration-ms="13219" status="PASS">
          <params>
            <param index="0">
              <value>
                <![CDATA["Validating user flow by successfully placing the order"]]>
              </value>
            </param>
            <param index="1">
              <value>
                <![CDATA["Validate the User Flow"]]>
              </value>
            </param>
          </params>
          <reporter-output>
          </reporter-output>
        </test-method> <!-- runScenario -->
        <test-method is-config="true" signature="tearDownClass()[pri:0, instance:CucumberOptions.TestRunner_TestNg@3427b02d]" started-at="2023-11-18T23:55:13 IST" name="tearDownClass" finished-at="2023-11-18T23:55:13 IST" duration-ms="1" status="PASS">
          <reporter-output>
          </reporter-output>
        </test-method> <!-- tearDownClass -->
      </class> <!-- CucumberOptions.TestRunner_TestNg -->
    </test> <!-- Default test -->
  </suite> <!-- Default suite -->
</testng-results>
