<?xml version="1.0" encoding="UTF-8"?>
<!-- Generated by org.testng.reporters.JUnitReportReporter -->
<testsuite hostname="Anubhavs-MacBook-Air.local" failures="1" tests="1" name="CucumberOptions.FailedScenariosTestRunner" time="5.343" errors="0" timestamp="2023-11-19T23:13:49 IST" skipped="0">
  <testcase classname="CucumberOptions.FailedScenariosTestRunner" name="runScenario" time="5.343">
    <failure message="expected [Beetroot] but found [No data]" type="java.lang.AssertionError">
      <![CDATA[java.lang.AssertionError: expected [Beetroot] but found [No data]
at org.testng.Assert.fail(Assert.java:99)
at org.testng.Assert.failNotEquals(Assert.java:1037)
at org.testng.Assert.assertEqualsImpl(Assert.java:140)
at org.testng.Assert.assertEquals(Assert.java:122)
at org.testng.Assert.assertEquals(Assert.java:629)
at org.testng.Assert.assertEquals(Assert.java:639)
at StepDefinitions.OffersPage_SD.validate_product_name_in_Offers_page_matches_with_Home_page(OffersPage_SD.java:31)
at ✽.Validate product name in Offers page matches with Home page(file:///Users/anubhavgupta/Documents/eclipse-workspace(Java)/UI_CucumberFramework/FeatureFiles/searchProduct.feature:7)
]]>
    </failure>
  </testcase> <!-- runScenario -->
  <system-out/>
</testsuite> <!-- CucumberOptions.FailedScenariosTestRunner -->
